<?xml version="1.0" encoding="UTF-8"?>
<testsuite xmlns:xsi="http://www.w3.org/2001/XMLSchema-instance" xsi:noNamespaceSchemaLocation="https://maven.apache.org/surefire/maven-surefire-plugin/xsd/surefire-test-report-3.0.xsd" version="3.0" name="com.gymcrm.discovery.DiscoveryServerApplicationTests" time="3.853" tests="1" errors="0" skipped="0" failures="0">
  <properties>
[...]
</properties>
  <testcase name="contextLoads" classname="com.gymcrm.discovery.DiscoveryServerApplicationTests" time="0.703">
    <system-out><![CDATA[Standard Commons Logging discovery in action with spring-jcl: please remove commons-logging.jar from classpath in order to avoid potential conflicts

  .   ____          _            __ _ _
 /\\ / ___'_ __ _ _(_)_ __  __ _ \ \ \ \
( ( )\___ | '_ | '_| | '_ \/ _` | \ \ \ \
 \\/  ___)| |_)| | | | | || (_| |  ) ) ) )
  '  |____| .__|_| |_|_| |_\__, | / / / /
 =========|_|==============|___/=/_/_/_/

 :: Spring Boot ::               (v3.3.13)

2025-09-17T09:31:28.403+04:00  INFO 10828 --- [discovery-server] [           main] c.g.d.DiscoveryServerApplicationTests    : Starting DiscoveryServerApplicationTests using Java 21.0.6 with PID 10828 (started by Kere in C:\Users\Kere\Desktop\homework-2\module-2\submodule-3\gym-crm-nosql\discovery-server)
2025-09-17T09:31:28.405+04:00  INFO 10828 --- [discovery-server] [           main] c.g.d.DiscoveryServerApplicationTests    : No active profile set, falling back to 1 default profile: "default"
2025-09-17T09:31:29.323+04:00  INFO 10828 --- [discovery-server] [           main] o.s.cloud.context.scope.GenericScope     : BeanFactory id=d80d18f6-cd5a-3c28-a6df-d13dc3875556
2025-09-17T09:31:29.396+04:00  WARN 10828 --- [discovery-server] [           main] trationDelegate$BeanPostProcessorChecker : Bean 'org.springframework.cloud.client.loadbalancer.LoadBalancerAutoConfiguration$DeferringLoadBalancerInterceptorConfig' of type [org.springframework.cloud.client.loadbalancer.LoadBalancerAutoConfiguration$DeferringLoadBalancerInterceptorConfig] is not eligible for getting processed by all BeanPostProcessors (for example: not eligible for auto-proxying). The currently created BeanPostProcessor [lbRestClientPostProcessor] is declared through a non-static factory method on that class; consider declaring it as static instead.
2025-09-17T09:31:29.399+04:00  WARN 10828 --- [discovery-server] [           main] trationDelegate$BeanPostProcessorChecker : Bean 'deferringLoadBalancerInterceptor' of type [org.springframework.cloud.client.loadbalancer.DeferringLoadBalancerInterceptor] is not eligible for getting processed by all BeanPostProcessors (for example: not eligible for auto-proxying). Is this bean getting eagerly injected/applied to a currently created BeanPostProcessor [lbRestClientPostProcessor]? Check the corresponding BeanPostProcessor declaration and its dependencies/advisors. If this bean does not have to be post-processed, declare it with ROLE_INFRASTRUCTURE.
2025-09-17T09:31:29.716+04:00  INFO 10828 --- [discovery-server] [           main] o.s.v.b.OptionalValidatorFactoryBean     : Failed to set up a Bean Validation provider: jakarta.validation.NoProviderFoundException: Unable to create a Configuration, because no Jakarta Bean Validation provider could be found. Add a provider like Hibernate Validator (RI) to your classpath.
2025-09-17T09:31:30.375+04:00  WARN 10828 --- [discovery-server] [           main] iguration$LoadBalancerCaffeineWarnLogger : Spring Cloud LoadBalancer is currently working with the default cache. While this cache implementation is useful for development and tests, it's recommended to use Caffeine cache in production.You can switch to using Caffeine cache, by adding it and org.springframework.cache.caffeine.CaffeineCacheManager to the classpath.
2025-09-17T09:31:30.545+04:00  INFO 10828 --- [discovery-server] [           main] o.s.c.n.eureka.InstanceInfoFactory       : Setting initial instance status as: STARTING
2025-09-17T09:31:30.561+04:00  INFO 10828 --- [discovery-server] [           main] com.netflix.discovery.DiscoveryClient    : Initializing Eureka in region us-east-1
2025-09-17T09:31:30.562+04:00  INFO 10828 --- [discovery-server] [           main] com.netflix.discovery.DiscoveryClient    : Client configured to neither register nor query for data.
2025-09-17T09:31:30.564+04:00  INFO 10828 --- [discovery-server] [           main] com.netflix.discovery.DiscoveryClient    : Discovery Client initialized at timestamp 1758087090563 with initial instances count: 0
2025-09-17T09:31:30.617+04:00  INFO 10828 --- [discovery-server] [           main] c.n.eureka.DefaultEurekaServerContext    : Initializing ...
2025-09-17T09:31:30.618+04:00  WARN 10828 --- [discovery-server] [           main] c.n.eureka.cluster.PeerEurekaNodes       : The replica size seems to be empty. Check the route 53 DNS Registry
2025-09-17T09:31:30.629+04:00  INFO 10828 --- [discovery-server] [           main] c.n.e.registry.AbstractInstanceRegistry  : Finished initializing remote region registries. All known remote regions: []
2025-09-17T09:31:30.629+04:00  INFO 10828 --- [discovery-server] [           main] c.n.eureka.DefaultEurekaServerContext    : Initialized
2025-09-17T09:31:30.724+04:00  INFO 10828 --- [discovery-server] [           main] o.s.b.a.e.web.EndpointLinksResolver      : Exposing 2 endpoints beneath base path '/actuator'
2025-09-17T09:31:30.765+04:00  INFO 10828 --- [discovery-server] [           main] o.s.c.n.e.s.EurekaServiceRegistry        : Registering application DISCOVERY-SERVER with eureka with status UP
2025-09-17T09:31:30.776+04:00  INFO 10828 --- [discovery-server] [      Thread-10] o.s.c.n.e.server.EurekaServerBootstrap   : isAws returned false
2025-09-17T09:31:30.776+04:00  INFO 10828 --- [discovery-server] [      Thread-10] o.s.c.n.e.server.EurekaServerBootstrap   : Initialized server context
2025-09-17T09:31:30.776+04:00  INFO 10828 --- [discovery-server] [      Thread-10] c.n.e.r.PeerAwareInstanceRegistryImpl    : Got 1 instances from neighboring DS node
2025-09-17T09:31:30.776+04:00  INFO 10828 --- [discovery-server] [      Thread-10] c.n.e.r.PeerAwareInstanceRegistryImpl    : Renew threshold is: 1
2025-09-17T09:31:30.776+04:00  INFO 10828 --- [discovery-server] [      Thread-10] c.n.e.r.PeerAwareInstanceRegistryImpl    : Changing status to UP
2025-09-17T09:31:30.778+04:00  INFO 10828 --- [discovery-server] [      Thread-10] e.s.EurekaServerInitializerConfiguration : Started Eureka Server
2025-09-17T09:31:30.778+04:00  INFO 10828 --- [discovery-server] [           main] c.g.d.DiscoveryServerApplicationTests    : Started DiscoveryServerApplicationTests in 2.728 seconds (process running for 3.716)
]]></system-out>
    <system-err><![CDATA[WARNING: A Java agent has been loaded dynamically (C:\Users\Kere\.m2\repository\net\bytebuddy\byte-buddy-agent\1.14.19\byte-buddy-agent-1.14.19.jar)
WARNING: If a serviceability tool is in use, please run with -XX:+EnableDynamicAgentLoading to hide this warning
WARNING: If a serviceability tool is not in use, please run with -Djdk.instrument.traceUsage for more information
WARNING: Dynamic loading of agents will be disallowed by default in a future release
]]></system-err>
  </testcase>
</testsuite>