<?xml version="1.0" encoding="UTF-8"?>
<testsuite xmlns:xsi="http://www.w3.org/2001/XMLSchema-instance" xsi:noNamespaceSchemaLocation="https://maven.apache.org/surefire/maven-surefire-plugin/xsd/surefire-test-report-3.0.xsd" version="3.0" name="com.gymcrm.workload.cucumber.RunCucumberTest" time="1.882" tests="10" errors="0" skipped="0" failures="0">
  <properties>
[...]
</properties>
  <testcase name="Successfully process ADD workload event" classname="Workload Service Component Tests" time="1.221">
    <system-out><![CDATA[2025-09-29T11:59:36.174+04:00  INFO [transactionId=] 21296 --- [workload-service] [           main] t.c.s.AnnotationConfigContextLoaderUtils : Could not detect default configuration classes for test class [com.gymcrm.workload.cucumber.CucumberSpringConfiguration]: CucumberSpringConfiguration does not declare any static, non-private, non-final, nested classes annotated with @Configuration.
2025-09-29T11:59:36.179+04:00  INFO [transactionId=] 21296 --- [workload-service] [           main] .b.t.c.SpringBootTestContextBootstrapper : Found @SpringBootConfiguration com.gymcrm.workload.WorkloadServiceApplication for test class com.gymcrm.workload.cucumber.CucumberSpringConfiguration

  .   ____          _            __ _ _
 /\\ / ___'_ __ _ _(_)_ __  __ _ \ \ \ \
( ( )\___ | '_ | '_| | '_ \/ _` | \ \ \ \
 \\/  ___)| |_)| | | | | || (_| |  ) ) ) )
  '  |____| .__|_| |_|_| |_\__, | / / / /
 =========|_|==============|___/=/_/_/_/

 :: Spring Boot ::               (v3.3.13)

2025-09-29T11:59:36.211+04:00  INFO [transactionId=] 21296 --- [workload-service] [           main] c.g.w.c.CucumberSpringConfiguration      : Starting CucumberSpringConfiguration using Java 23 with PID 21296 (started by Kere in C:\Users\Kere\Desktop\homework-2\module-2\submodule-4\gym-crm-testing\workload-service)
2025-09-29T11:59:36.211+04:00  INFO [transactionId=] 21296 --- [workload-service] [           main] c.g.w.c.CucumberSpringConfiguration      : The following 1 profile is active: "test"
2025-09-29T11:59:36.453+04:00  INFO [transactionId=] 21296 --- [workload-service] [           main] .s.d.r.c.RepositoryConfigurationDelegate : Bootstrapping Spring Data JPA repositories in DEFAULT mode.
2025-09-29T11:59:36.464+04:00  INFO [transactionId=] 21296 --- [workload-service] [           main] .s.d.r.c.RepositoryConfigurationDelegate : Finished Spring Data repository scanning in 10 ms. Found 2 JPA repository interfaces.
2025-09-29T11:59:36.517+04:00  INFO [transactionId=] 21296 --- [workload-service] [           main] o.s.cloud.context.scope.GenericScope     : BeanFactory id=617ee95a-00aa-3cd6-8270-6552ac99c6e6
2025-09-29T11:59:36.541+04:00  WARN [transactionId=] 21296 --- [workload-service] [           main] trationDelegate$BeanPostProcessorChecker : Bean 'org.springframework.cloud.client.loadbalancer.LoadBalancerAutoConfiguration$DeferringLoadBalancerInterceptorConfig' of type [org.springframework.cloud.client.loadbalancer.LoadBalancerAutoConfiguration$DeferringLoadBalancerInterceptorConfig] is not eligible for getting processed by all BeanPostProcessors (for example: not eligible for auto-proxying). The currently created BeanPostProcessor [lbRestClientPostProcessor] is declared through a non-static factory method on that class; consider declaring it as static instead.
2025-09-29T11:59:36.541+04:00  WARN [transactionId=] 21296 --- [workload-service] [           main] trationDelegate$BeanPostProcessorChecker : Bean 'deferringLoadBalancerInterceptor' of type [org.springframework.cloud.client.loadbalancer.DeferringLoadBalancerInterceptor] is not eligible for getting processed by all BeanPostProcessors (for example: not eligible for auto-proxying). Is this bean getting eagerly injected/applied to a currently created BeanPostProcessor [lbRestClientPostProcessor]? Check the corresponding BeanPostProcessor declaration and its dependencies/advisors. If this bean does not have to be post-processed, declare it with ROLE_INFRASTRUCTURE.
2025-09-29T11:59:36.736+04:00  INFO [transactionId=] 21296 --- [workload-service] [           main] o.s.b.w.embedded.tomcat.TomcatWebServer  : Tomcat initialized with port 0 (http)
2025-09-29T11:59:36.752+04:00  INFO [transactionId=] 21296 --- [workload-service] [           main] o.apache.catalina.core.StandardService   : Starting service [Tomcat]
2025-09-29T11:59:36.752+04:00  INFO [transactionId=] 21296 --- [workload-service] [           main] o.apache.catalina.core.StandardEngine    : Starting Servlet engine: [Apache Tomcat/10.1.42]
2025-09-29T11:59:36.904+04:00  INFO [transactionId=] 21296 --- [workload-service] [           main] o.a.c.c.C.[Tomcat].[localhost].[/]       : Initializing Spring embedded WebApplicationContext
2025-09-29T11:59:36.904+04:00  INFO [transactionId=] 21296 --- [workload-service] [           main] w.s.c.ServletWebServerApplicationContext : Root WebApplicationContext: initialization completed in 691 ms
2025-09-29T11:59:37.026+04:00  INFO [transactionId=] 21296 --- [workload-service] [           main] o.hibernate.jpa.internal.util.LogHelper  : HHH000204: Processing PersistenceUnitInfo [name: default]
2025-09-29T11:59:37.029+04:00  INFO [transactionId=] 21296 --- [workload-service] [           main] o.h.c.internal.RegionFactoryInitiator    : HHH000026: Second-level cache disabled
2025-09-29T11:59:37.036+04:00  INFO [transactionId=] 21296 --- [workload-service] [           main] o.s.o.j.p.SpringPersistenceUnitInfo      : No LoadTimeWeaver setup: ignoring JPA class transformer
2025-09-29T11:59:37.036+04:00  INFO [transactionId=] 21296 --- [workload-service] [           main] com.zaxxer.hikari.HikariDataSource       : HikariPool-2 - Starting...
2025-09-29T11:59:37.037+04:00  INFO [transactionId=] 21296 --- [workload-service] [           main] com.zaxxer.hikari.pool.HikariPool        : HikariPool-2 - Added connection conn20: url=jdbc:h2:mem:workloaddb user=SA
2025-09-29T11:59:37.037+04:00  INFO [transactionId=] 21296 --- [workload-service] [           main] com.zaxxer.hikari.HikariDataSource       : HikariPool-2 - Start completed.
2025-09-29T11:59:37.075+04:00  INFO [transactionId=] 21296 --- [workload-service] [           main] o.h.e.t.j.p.i.JtaPlatformInitiator       : HHH000489: No JTA platform available (set 'hibernate.transaction.jta.platform' to enable JTA platform integration)
Hibernate: 
    alter table if exists workload_summaries 
       drop constraint if exists UKjads3me3lxu6r625ju1qdmkw4
Hibernate: 
    alter table if exists workload_summaries 
       add constraint UKjads3me3lxu6r625ju1qdmkw4 unique (trainer_username, year_val, month_val)
2025-09-29T11:59:37.079+04:00  INFO [transactionId=] 21296 --- [workload-service] [           main] j.LocalContainerEntityManagerFactoryBean : Initialized JPA EntityManagerFactory for persistence unit 'default'
2025-09-29T11:59:37.153+04:00  WARN [transactionId=] 21296 --- [workload-service] [           main] .s.s.UserDetailsServiceAutoConfiguration : 

Using generated security password: 58f90135-1673-4b72-9905-1b1c0e6ed773

This generated password is for development use only. Your security configuration must be updated before running your application in production.

2025-09-29T11:59:37.154+04:00  INFO [transactionId=] 21296 --- [workload-service] [           main] r$InitializeUserDetailsManagerConfigurer : Global AuthenticationManager configured with UserDetailsService bean with name inMemoryUserDetailsManager
2025-09-29T11:59:37.197+04:00  INFO [transactionId=] 21296 --- [workload-service] [           main] o.s.b.a.e.web.EndpointLinksResolver      : Exposing 5 endpoints beneath base path '/actuator'
2025-09-29T11:59:37.255+04:00  INFO [transactionId=] 21296 --- [workload-service] [           main] o.s.b.a.h2.H2ConsoleAutoConfiguration    : H2 console available at '/h2'. Database available at 'jdbc:h2:mem:workloaddb'
2025-09-29T11:59:37.275+04:00  INFO [transactionId=] 21296 --- [workload-service] [           main] DiscoveryClientOptionalArgsConfiguration : Eureka HTTP Client uses RestTemplate.
2025-09-29T11:59:37.285+04:00  WARN [transactionId=] 21296 --- [workload-service] [           main] iguration$LoadBalancerCaffeineWarnLogger : Spring Cloud LoadBalancer is currently working with the default cache. While this cache implementation is useful for development and tests, it's recommended to use Caffeine cache in production.You can switch to using Caffeine cache, by adding it and org.springframework.cache.caffeine.CaffeineCacheManager to the classpath.
2025-09-29T11:59:37.315+04:00  INFO [transactionId=] 21296 --- [workload-service] [           main] o.s.b.w.embedded.tomcat.TomcatWebServer  : Tomcat started on port 58486 (http) with context path '/'
2025-09-29T11:59:37.324+04:00  INFO [transactionId=] 21296 --- [workload-service] [           main] c.g.w.c.CucumberSpringConfiguration      : Started CucumberSpringConfiguration in 1.143 seconds (process running for 11.726)

@component @workload @positive
Scenario: Successfully process ADD workload event       &amp#27;[90m# features/workload_component.feature:5&amp#27;[0m
  &amp#27;[32mGiven &amp#27;[0m&amp#27;[32ma workload event with:&amp#27;[0m                          &amp#27;[90m# com.gymcrm.workload.cucumber.steps.WorkloadComponentSteps.a_workload_event_with(io.cucumber.datatable.DataTable)&amp#27;[0m
    | trainerUsername  | john.doe   |
    | firstName        | John       |
    | lastName         | Doe        |
    | isActive         | true       |
    | trainingDate     | 2025-09-01 |
    | trainingDuration | 60         |
    | actionType       | ADD        |
2025-09-29T11:59:37.366+04:00  INFO [transactionId=] 21296 --- [workload-service] [           main] c.g.w.controller.WorkloadController      : Transaction [37358905-5686-4c46-935a-4b457b9d996f] - Recording workload event for trainer john.doe
  &amp#27;[32mWhen &amp#27;[0m&amp#27;[32mI send the workload event&amp#27;[0m                        &amp#27;[90m# com.gymcrm.workload.cucumber.steps.WorkloadComponentSteps.i_send_the_workload_event()&amp#27;[0m
  &amp#27;[32mThen &amp#27;[0m&amp#27;[32mthe response status should be &amp#27;[0m&amp#27;[32m&amp#27;[1m200&amp#27;[0m                &amp#27;[90m# com.gymcrm.workload.cucumber.steps.WorkloadComponentSteps.the_response_status_should_be(java.lang.Integer)&amp#27;[0m
  &amp#27;[32mAnd &amp#27;[0m&amp#27;[32mthe response should contain workload summary:&amp#27;[0m     &amp#27;[90m# com.gymcrm.workload.cucumber.steps.WorkloadComponentSteps.the_response_should_contain_workload_summary(io.cucumber.datatable.DataTable)&amp#27;[0m
    | trainerUsername  | john.doe |
    | trainerFirstName | John     |
    | trainerLastName  | Doe      |
    | isActive         | true     |
  &amp#27;[32mAnd &amp#27;[0m&amp#27;[32mthe yearly summary should include:&amp#27;[0m                &amp#27;[90m# com.gymcrm.workload.cucumber.steps.WorkloadComponentSteps.the_yearly_summary_should_include(io.cucumber.datatable.DataTable)&amp#27;[0m
    | year | 2025 |
2025-09-29T11:59:37.369+04:00  INFO [transactionId=] 21296 --- [workload-service] [           main] c.g.w.controller.WorkloadController      : Transaction [788ec301-a162-436d-867b-2a13a23d0aa3] - Fetching workload summary for trainer john.doe
  &amp#27;[32mAnd &amp#27;[0m&amp#27;[32mthe monthly summary for year &amp#27;[0m&amp#27;[32m&amp#27;[1m2025&amp#27;[0m&amp#27;[32m should include:&amp#27;[0m &amp#27;[90m# com.gymcrm.workload.cucumber.steps.WorkloadComponentSteps.the_monthly_summary_for_year_should_include(java.lang.Integer,io.cucumber.datatable.DataTable)&amp#27;[0m
    | month        | 9  |
    | totalMinutes | 60 |
]]></system-out>
  </testcase>
  <testcase name="Successfully process DELETE workload event" classname="Workload Service Component Tests" time="0.009">
    <system-out><![CDATA[2025-09-29T11:59:37.374+04:00  INFO [transactionId=] 21296 --- [workload-service] [           main] t.c.s.AnnotationConfigContextLoaderUtils : Could not detect default configuration classes for test class [com.gymcrm.workload.cucumber.CucumberSpringConfiguration]: CucumberSpringConfiguration does not declare any static, non-private, non-final, nested classes annotated with @Configuration.
2025-09-29T11:59:37.375+04:00  INFO [transactionId=] 21296 --- [workload-service] [           main] .b.t.c.SpringBootTestContextBootstrapper : Found @SpringBootConfiguration com.gymcrm.workload.WorkloadServiceApplication for test class com.gymcrm.workload.cucumber.CucumberSpringConfiguration

@component @workload @positive
Scenario: Successfully process DELETE workload event    &amp#27;[90m# features/workload_component.feature:28&amp#27;[0m
  &amp#27;[32mGiven &amp#27;[0m&amp#27;[32ma workload event with:&amp#27;[0m                          &amp#27;[90m# com.gymcrm.workload.cucumber.steps.WorkloadComponentSteps.a_workload_event_with(io.cucumber.datatable.DataTable)&amp#27;[0m
    | trainerUsername  | john.doe   |
    | firstName        | John       |
    | lastName         | Doe        |
    | isActive         | true       |
    | trainingDate     | 2025-09-01 |
    | trainingDuration | 60         |
    | actionType       | DELETE     |
2025-09-29T11:59:37.379+04:00  INFO [transactionId=] 21296 --- [workload-service] [           main] c.g.w.controller.WorkloadController      : Transaction [746256b7-e167-4e8f-8704-3956956fc989] - Recording workload event for trainer john.doe
  &amp#27;[32mWhen &amp#27;[0m&amp#27;[32mI send the workload event&amp#27;[0m                        &amp#27;[90m# com.gymcrm.workload.cucumber.steps.WorkloadComponentSteps.i_send_the_workload_event()&amp#27;[0m
  &amp#27;[32mThen &amp#27;[0m&amp#27;[32mthe response status should be &amp#27;[0m&amp#27;[32m&amp#27;[1m200&amp#27;[0m                &amp#27;[90m# com.gymcrm.workload.cucumber.steps.WorkloadComponentSteps.the_response_status_should_be(java.lang.Integer)&amp#27;[0m
  &amp#27;[32mAnd &amp#27;[0m&amp#27;[32mthe yearly summary should include:&amp#27;[0m                &amp#27;[90m# com.gymcrm.workload.cucumber.steps.WorkloadComponentSteps.the_yearly_summary_should_include(io.cucumber.datatable.DataTable)&amp#27;[0m
    | year | 2025 |
2025-09-29T11:59:37.380+04:00  INFO [transactionId=] 21296 --- [workload-service] [           main] c.g.w.controller.WorkloadController      : Transaction [340ef85f-1945-4b36-82d3-085e9b3fa2a5] - Fetching workload summary for trainer null
  &amp#27;[32mAnd &amp#27;[0m&amp#27;[32mthe monthly summary for year &amp#27;[0m&amp#27;[32m&amp#27;[1m2025&amp#27;[0m&amp#27;[32m should include:&amp#27;[0m &amp#27;[90m# com.gymcrm.workload.cucumber.steps.WorkloadComponentSteps.the_monthly_summary_for_year_should_include(java.lang.Integer,io.cucumber.datatable.DataTable)&amp#27;[0m
    | month        | 9 |
    | totalMinutes | 0 |
]]></system-out>
  </testcase>
  <testcase name="Fail to process workload event with missing trainer username" classname="Workload Service Component Tests" time="0.008">
    <system-out><![CDATA[2025-09-29T11:59:37.383+04:00  INFO [transactionId=] 21296 --- [workload-service] [           main] t.c.s.AnnotationConfigContextLoaderUtils : Could not detect default configuration classes for test class [com.gymcrm.workload.cucumber.CucumberSpringConfiguration]: CucumberSpringConfiguration does not declare any static, non-private, non-final, nested classes annotated with @Configuration.
2025-09-29T11:59:37.384+04:00  INFO [transactionId=] 21296 --- [workload-service] [           main] .b.t.c.SpringBootTestContextBootstrapper : Found @SpringBootConfiguration com.gymcrm.workload.WorkloadServiceApplication for test class com.gymcrm.workload.cucumber.CucumberSpringConfiguration

@component @workload @negative
Scenario: Fail to process workload event with missing trainer username &amp#27;[90m# features/workload_component.feature:46&amp#27;[0m
  &amp#27;[32mGiven &amp#27;[0m&amp#27;[32ma workload event with:&amp#27;[0m                                         &amp#27;[90m# com.gymcrm.workload.cucumber.steps.WorkloadComponentSteps.a_workload_event_with(io.cucumber.datatable.DataTable)&amp#27;[0m
    | trainerUsername  | [empty]    |
    | firstName        | John       |
    | lastName         | Doe        |
    | isActive         | true       |
    | trainingDate     | 2025-09-01 |
    | trainingDuration | 60         |
    | actionType       | ADD        |
  &amp#27;[32mWhen &amp#27;[0m&amp#27;[32mI send the workload event&amp#27;[0m                                       &amp#27;[90m# com.gymcrm.workload.cucumber.steps.WorkloadComponentSteps.i_send_the_workload_event()&amp#27;[0m
  &amp#27;[32mThen &amp#27;[0m&amp#27;[32mthe response status should be &amp#27;[0m&amp#27;[32m&amp#27;[1m400&amp#27;[0m                               &amp#27;[90m# com.gymcrm.workload.cucumber.steps.WorkloadComponentSteps.the_response_status_should_be(java.lang.Integer)&amp#27;[0m
]]></system-out>
  </testcase>
  <testcase name="Fail to process workload event with invalid action type" classname="Workload Service Component Tests" time="0.007">
    <system-out><![CDATA[2025-09-29T11:59:37.391+04:00  INFO [transactionId=] 21296 --- [workload-service] [           main] t.c.s.AnnotationConfigContextLoaderUtils : Could not detect default configuration classes for test class [com.gymcrm.workload.cucumber.CucumberSpringConfiguration]: CucumberSpringConfiguration does not declare any static, non-private, non-final, nested classes annotated with @Configuration.
2025-09-29T11:59:37.392+04:00  INFO [transactionId=] 21296 --- [workload-service] [           main] .b.t.c.SpringBootTestContextBootstrapper : Found @SpringBootConfiguration com.gymcrm.workload.WorkloadServiceApplication for test class com.gymcrm.workload.cucumber.CucumberSpringConfiguration

@component @workload @negative
Scenario: Fail to process workload event with invalid action type &amp#27;[90m# features/workload_component.feature:59&amp#27;[0m
  &amp#27;[32mGiven &amp#27;[0m&amp#27;[32ma workload event with:&amp#27;[0m                                    &amp#27;[90m# com.gymcrm.workload.cucumber.steps.WorkloadComponentSteps.a_workload_event_with(io.cucumber.datatable.DataTable)&amp#27;[0m
    | trainerUsername  | john.doe   |
    | firstName        | John       |
    | lastName         | Doe        |
    | isActive         | true       |
    | trainingDate     | 2025-09-01 |
    | trainingDuration | 60         |
    | actionType       | INVALID    |
  &amp#27;[32mWhen &amp#27;[0m&amp#27;[32mI send the workload event&amp#27;[0m                                  &amp#27;[90m# com.gymcrm.workload.cucumber.steps.WorkloadComponentSteps.i_send_the_workload_event()&amp#27;[0m
  &amp#27;[32mThen &amp#27;[0m&amp#27;[32mthe response status should be &amp#27;[0m&amp#27;[32m&amp#27;[1m400&amp#27;[0m                          &amp#27;[90m# com.gymcrm.workload.cucumber.steps.WorkloadComponentSteps.the_response_status_should_be(java.lang.Integer)&amp#27;[0m
]]></system-out>
  </testcase>
  <testcase name="Fail to process workload event with negative training duration" classname="Workload Service Component Tests" time="0.008">
    <system-out><![CDATA[2025-09-29T11:59:37.398+04:00  INFO [transactionId=] 21296 --- [workload-service] [           main] t.c.s.AnnotationConfigContextLoaderUtils : Could not detect default configuration classes for test class [com.gymcrm.workload.cucumber.CucumberSpringConfiguration]: CucumberSpringConfiguration does not declare any static, non-private, non-final, nested classes annotated with @Configuration.
2025-09-29T11:59:37.399+04:00  INFO [transactionId=] 21296 --- [workload-service] [           main] .b.t.c.SpringBootTestContextBootstrapper : Found @SpringBootConfiguration com.gymcrm.workload.WorkloadServiceApplication for test class com.gymcrm.workload.cucumber.CucumberSpringConfiguration

@component @workload @negative
Scenario: Fail to process workload event with negative training duration &amp#27;[90m# features/workload_component.feature:72&amp#27;[0m
  &amp#27;[32mGiven &amp#27;[0m&amp#27;[32ma workload event with:&amp#27;[0m                                           &amp#27;[90m# com.gymcrm.workload.cucumber.steps.WorkloadComponentSteps.a_workload_event_with(io.cucumber.datatable.DataTable)&amp#27;[0m
    | trainerUsername  | john.doe   |
    | firstName        | John       |
    | lastName         | Doe        |
    | isActive         | true       |
    | trainingDate     | 2025-09-01 |
    | trainingDuration | -30        |
    | actionType       | ADD        |
  &amp#27;[32mWhen &amp#27;[0m&amp#27;[32mI send the workload event&amp#27;[0m                                         &amp#27;[90m# com.gymcrm.workload.cucumber.steps.WorkloadComponentSteps.i_send_the_workload_event()&amp#27;[0m
  &amp#27;[32mThen &amp#27;[0m&amp#27;[32mthe response status should be &amp#27;[0m&amp#27;[32m&amp#27;[1m400&amp#27;[0m                                 &amp#27;[90m# com.gymcrm.workload.cucumber.steps.WorkloadComponentSteps.the_response_status_should_be(java.lang.Integer)&amp#27;[0m
]]></system-out>
  </testcase>
  <testcase name="Process workload event on leap day" classname="Workload Service Component Tests" time="0.009">
    <system-out><![CDATA[2025-09-29T11:59:37.406+04:00  INFO [transactionId=] 21296 --- [workload-service] [           main] t.c.s.AnnotationConfigContextLoaderUtils : Could not detect default configuration classes for test class [com.gymcrm.workload.cucumber.CucumberSpringConfiguration]: CucumberSpringConfiguration does not declare any static, non-private, non-final, nested classes annotated with @Configuration.
2025-09-29T11:59:37.407+04:00  INFO [transactionId=] 21296 --- [workload-service] [           main] .b.t.c.SpringBootTestContextBootstrapper : Found @SpringBootConfiguration com.gymcrm.workload.WorkloadServiceApplication for test class com.gymcrm.workload.cucumber.CucumberSpringConfiguration

@component @workload @edge
Scenario: Process workload event on leap day            &amp#27;[90m# features/workload_component.feature:85&amp#27;[0m
  &amp#27;[32mGiven &amp#27;[0m&amp#27;[32ma workload event with:&amp#27;[0m                          &amp#27;[90m# com.gymcrm.workload.cucumber.steps.WorkloadComponentSteps.a_workload_event_with(io.cucumber.datatable.DataTable)&amp#27;[0m
    | trainerUsername  | john.doe   |
    | firstName        | John       |
    | lastName         | Doe        |
    | isActive         | true       |
    | trainingDate     | 2024-02-29 |
    | trainingDuration | 45         |
    | actionType       | ADD        |
2025-09-29T11:59:37.411+04:00  INFO [transactionId=] 21296 --- [workload-service] [           main] c.g.w.controller.WorkloadController      : Transaction [d1df48c7-5693-43bc-a175-bed07b31bd9f] - Recording workload event for trainer john.doe
  &amp#27;[32mWhen &amp#27;[0m&amp#27;[32mI send the workload event&amp#27;[0m                        &amp#27;[90m# com.gymcrm.workload.cucumber.steps.WorkloadComponentSteps.i_send_the_workload_event()&amp#27;[0m
  &amp#27;[32mThen &amp#27;[0m&amp#27;[32mthe response status should be &amp#27;[0m&amp#27;[32m&amp#27;[1m200&amp#27;[0m                &amp#27;[90m# com.gymcrm.workload.cucumber.steps.WorkloadComponentSteps.the_response_status_should_be(java.lang.Integer)&amp#27;[0m
  &amp#27;[32mAnd &amp#27;[0m&amp#27;[32mthe yearly summary should include:&amp#27;[0m                &amp#27;[90m# com.gymcrm.workload.cucumber.steps.WorkloadComponentSteps.the_yearly_summary_should_include(io.cucumber.datatable.DataTable)&amp#27;[0m
    | year | 2024 |
2025-09-29T11:59:37.412+04:00  INFO [transactionId=] 21296 --- [workload-service] [           main] c.g.w.controller.WorkloadController      : Transaction [f615e779-6a52-4121-9fd6-6780953a418a] - Fetching workload summary for trainer null
  &amp#27;[32mAnd &amp#27;[0m&amp#27;[32mthe monthly summary for year &amp#27;[0m&amp#27;[32m&amp#27;[1m2024&amp#27;[0m&amp#27;[32m should include:&amp#27;[0m &amp#27;[90m# com.gymcrm.workload.cucumber.steps.WorkloadComponentSteps.the_monthly_summary_for_year_should_include(java.lang.Integer,io.cucumber.datatable.DataTable)&amp#27;[0m
    | month        | 2  |
    | totalMinutes | 45 |
]]></system-out>
  </testcase>
  <testcase name="Fail to process workload event with zero training duration" classname="Workload Service Component Tests" time="0.007">
    <system-out><![CDATA[2025-09-29T11:59:37.415+04:00  INFO [transactionId=] 21296 --- [workload-service] [           main] t.c.s.AnnotationConfigContextLoaderUtils : Could not detect default configuration classes for test class [com.gymcrm.workload.cucumber.CucumberSpringConfiguration]: CucumberSpringConfiguration does not declare any static, non-private, non-final, nested classes annotated with @Configuration.
2025-09-29T11:59:37.416+04:00  INFO [transactionId=] 21296 --- [workload-service] [           main] .b.t.c.SpringBootTestContextBootstrapper : Found @SpringBootConfiguration com.gymcrm.workload.WorkloadServiceApplication for test class com.gymcrm.workload.cucumber.CucumberSpringConfiguration

@component @workload @edge
Scenario: Fail to process workload event with zero training duration &amp#27;[90m# features/workload_component.feature:103&amp#27;[0m
  &amp#27;[32mGiven &amp#27;[0m&amp#27;[32ma workload event with:&amp#27;[0m                                       &amp#27;[90m# com.gymcrm.workload.cucumber.steps.WorkloadComponentSteps.a_workload_event_with(io.cucumber.datatable.DataTable)&amp#27;[0m
    | trainerUsername  | john.doe   |
    | firstName        | John       |
    | lastName         | Doe        |
    | isActive         | true       |
    | trainingDate     | 2025-09-01 |
    | trainingDuration | 0          |
    | actionType       | ADD        |
  &amp#27;[32mWhen &amp#27;[0m&amp#27;[32mI send the workload event&amp#27;[0m                                     &amp#27;[90m# com.gymcrm.workload.cucumber.steps.WorkloadComponentSteps.i_send_the_workload_event()&amp#27;[0m
  &amp#27;[32mThen &amp#27;[0m&amp#27;[32mthe response status should be &amp#27;[0m&amp#27;[32m&amp#27;[1m400&amp#27;[0m                             &amp#27;[90m# com.gymcrm.workload.cucumber.steps.WorkloadComponentSteps.the_response_status_should_be(java.lang.Integer)&amp#27;[0m
]]></system-out>
  </testcase>
  <testcase name="Fail to access workload endpoint without JWT" classname="Workload Service Component Tests" time="0.007">
    <system-out><![CDATA[2025-09-29T11:59:37.422+04:00  INFO [transactionId=] 21296 --- [workload-service] [           main] t.c.s.AnnotationConfigContextLoaderUtils : Could not detect default configuration classes for test class [com.gymcrm.workload.cucumber.CucumberSpringConfiguration]: CucumberSpringConfiguration does not declare any static, non-private, non-final, nested classes annotated with @Configuration.
2025-09-29T11:59:37.423+04:00  INFO [transactionId=] 21296 --- [workload-service] [           main] .b.t.c.SpringBootTestContextBootstrapper : Found @SpringBootConfiguration com.gymcrm.workload.WorkloadServiceApplication for test class com.gymcrm.workload.cucumber.CucumberSpringConfiguration

@component @workload @nfr @auth
Scenario: Fail to access workload endpoint without JWT         &amp#27;[90m# features/workload_component.feature:116&amp#27;[0m
  &amp#27;[32mGiven &amp#27;[0m&amp#27;[32ma workload event with:&amp#27;[0m                                 &amp#27;[90m# com.gymcrm.workload.cucumber.steps.WorkloadComponentSteps.a_workload_event_with(io.cucumber.datatable.DataTable)&amp#27;[0m
    | trainerUsername  | john.doe   |
    | firstName        | John       |
    | lastName         | Doe        |
    | isActive         | true       |
    | trainingDate     | 2025-09-01 |
    | trainingDuration | 60         |
    | actionType       | ADD        |
  &amp#27;[32mWhen &amp#27;[0m&amp#27;[32mI try to send the workload event without authentication&amp#27;[0m &amp#27;[90m# com.gymcrm.workload.cucumber.steps.WorkloadComponentSteps.i_try_to_send_the_workload_event_without_authentication()&amp#27;[0m
  &amp#27;[32mThen &amp#27;[0m&amp#27;[32mthe response status should be &amp#27;[0m&amp#27;[32m&amp#27;[1m401&amp#27;[0m                       &amp#27;[90m# com.gymcrm.workload.cucumber.steps.WorkloadComponentSteps.the_response_status_should_be(java.lang.Integer)&amp#27;[0m
]]></system-out>
  </testcase>
  <testcase name="Fail to access workload endpoint with wrong role" classname="Workload Service Component Tests" time="0.008">
    <system-out><![CDATA[2025-09-29T11:59:37.429+04:00  INFO [transactionId=] 21296 --- [workload-service] [           main] t.c.s.AnnotationConfigContextLoaderUtils : Could not detect default configuration classes for test class [com.gymcrm.workload.cucumber.CucumberSpringConfiguration]: CucumberSpringConfiguration does not declare any static, non-private, non-final, nested classes annotated with @Configuration.
2025-09-29T11:59:37.430+04:00  INFO [transactionId=] 21296 --- [workload-service] [           main] .b.t.c.SpringBootTestContextBootstrapper : Found @SpringBootConfiguration com.gymcrm.workload.WorkloadServiceApplication for test class com.gymcrm.workload.cucumber.CucumberSpringConfiguration

@component @workload @nfr @auth
Scenario: Fail to access workload endpoint with wrong role  &amp#27;[90m# features/workload_component.feature:129&amp#27;[0m
  &amp#27;[32mGiven &amp#27;[0m&amp#27;[32ma workload event with:&amp#27;[0m                              &amp#27;[90m# com.gymcrm.workload.cucumber.steps.WorkloadComponentSteps.a_workload_event_with(io.cucumber.datatable.DataTable)&amp#27;[0m
    | trainerUsername  | john.doe   |
    | firstName        | John       |
    | lastName         | Doe        |
    | isActive         | true       |
    | trainingDate     | 2025-09-01 |
    | trainingDuration | 60         |
    | actionType       | ADD        |
  &amp#27;[32mWhen &amp#27;[0m&amp#27;[32mI try to send the workload event with role &amp#27;[0m&amp#27;[32m&amp#27;[1m"TRAINEE"&amp#27;[0m &amp#27;[90m# com.gymcrm.workload.cucumber.steps.WorkloadComponentSteps.i_try_to_send_the_workload_event_with_role(java.lang.String)&amp#27;[0m
  &amp#27;[32mThen &amp#27;[0m&amp#27;[32mthe response status should be &amp#27;[0m&amp#27;[32m&amp#27;[1m403&amp#27;[0m                    &amp#27;[90m# com.gymcrm.workload.cucumber.steps.WorkloadComponentSteps.the_response_status_should_be(java.lang.Integer)&amp#27;[0m
]]></system-out>
  </testcase>
  <testcase name="TransactionId should be included in workload operations" classname="Workload Service Component Tests" time="0.008">
    <system-out><![CDATA[2025-09-29T11:59:37.437+04:00  INFO [transactionId=] 21296 --- [workload-service] [           main] t.c.s.AnnotationConfigContextLoaderUtils : Could not detect default configuration classes for test class [com.gymcrm.workload.cucumber.CucumberSpringConfiguration]: CucumberSpringConfiguration does not declare any static, non-private, non-final, nested classes annotated with @Configuration.
2025-09-29T11:59:37.439+04:00  INFO [transactionId=] 21296 --- [workload-service] [           main] .b.t.c.SpringBootTestContextBootstrapper : Found @SpringBootConfiguration com.gymcrm.workload.WorkloadServiceApplication for test class com.gymcrm.workload.cucumber.CucumberSpringConfiguration

@component @workload @nfr @logging
Scenario: TransactionId should be included in workload operations &amp#27;[90m# features/workload_component.feature:142&amp#27;[0m
  &amp#27;[32mGiven &amp#27;[0m&amp#27;[32ma workload event with:&amp#27;[0m                                    &amp#27;[90m# com.gymcrm.workload.cucumber.steps.WorkloadComponentSteps.a_workload_event_with(io.cucumber.datatable.DataTable)&amp#27;[0m
    | trainerUsername  | john.doe   |
    | firstName        | John       |
    | lastName         | Doe        |
    | isActive         | true       |
    | trainingDate     | 2025-09-05 |
    | trainingDuration | 45         |
    | actionType       | ADD        |
2025-09-29T11:59:37.442+04:00  INFO [transactionId=] 21296 --- [workload-service] [           main] c.g.w.controller.WorkloadController      : Transaction [88c0916e-152f-4396-b65b-3a13773f0e52] - Recording workload event for trainer john.doe
  &amp#27;[32mWhen &amp#27;[0m&amp#27;[32mI send the workload event&amp#27;[0m                                  &amp#27;[90m# com.gymcrm.workload.cucumber.steps.WorkloadComponentSteps.i_send_the_workload_event()&amp#27;[0m
  &amp#27;[32mThen &amp#27;[0m&amp#27;[32mthe logs should contain a transactionId&amp#27;[0m                    &amp#27;[90m# com.gymcrm.workload.cucumber.steps.WorkloadComponentSteps.the_logs_should_contain_a_transaction_id()&amp#27;[0m
]]></system-out>
  </testcase>
</testsuite>